C:/Users/user/Desktop/ffmpeg-20200809-6e951d0-win64-static/bin/ffmpeg.exe -hide_banner -y -y -r 24 -start_number 0 -start_number_range 1 -i F:/Krita/New folder/frame%04d.png -i F:/Krita/New folder/KritaTempPalettegen_%06d.png -lavfi [0:v][1:v]paletteuse=dither=sierra2_4a:diff_mode=none -f gif -loop 0 -gifflags +transdiff F:/Krita/New folder/2.gif
=====================================================
Input #0, image2, from 'F:/Krita/New folder/frame%04d.png':
  Duration: 00:00:02.44, start: 0.000000, bitrate: N/A
    Stream #0:0: Video: png, rgba(pc), 1920x1080 [SAR 11811:11811 DAR 16:9], 25 fps, 25 tbr, 25 tbn, 25 tbc
Input #1, image2, from 'F:/Krita/New folder/KritaTempPalettegen_%06d.png':
  Duration: 00:00:00.04, start: 0.000000, bitrate: N/A
    Stream #1:0: Video: png, rgba(pc), 16x16 [SAR 1:1 DAR 1:1], 25 tbr, 25 tbn, 25 tbc
Stream mapping:
  Stream #0:0 (png) -> paletteuse:default
  Stream #1:0 (png) -> paletteuse:palette
  paletteuse -> Stream #0:0 (gif)
Press [q] to stop, [?] for help
[image2 @ 000001440672e940] Thread message queue blocking; consider raising the thread_queue_size option (current value: 8)
Output #0, gif, to 'F:/Krita/New folder/2.gif':
  Metadata:
    encoder         : Lavf58.50.100
    Stream #0:0: Video: gif, pal8, 1920x1080 [SAR 1:1 DAR 16:9], q=2-31, 200 kb/s, 24 fps, 100 tbn, 24 tbc (default)
    Metadata:
      encoder         : Lavc58.100.100 gif
frame=    2 fps=0.0 q=-0.0 size=      94kB time=00:00:00.05 bitrate=15436.0kbits/s speed=0.0806x    frame=    7 fps=5.6 q=-0.0 size=     120kB time=00:00:00.26 bitrate=3770.0kbits/s speed=0.209x    frame=   11 fps=6.0 q=-0.0 size=     149kB time=00:00:00.43 bitrate=2829.7kbits/s speed=0.234x    frame=   15 fps=6.2 q=-0.0 size=     178kB time=00:00:00.59 bitrate=2466.6kbits/s speed=0.243x    frame=   19 fps=6.3 q=-0.0 size=     204kB time=00:00:00.76 bitrate=2199.7kbits/s speed=0.254x    frame=   23 fps=6.4 q=-0.0 size=     228kB time=00:00:00.93 bitrate=2011.6kbits/s speed=0.258x    frame=   27 fps=6.4 q=-0.0 size=     254kB time=00:00:01.09 bitrate=1907.1kbits/s speed=0.26x    frame=   31 fps=6.5 q=-0.0 size=     256kB time=00:00:01.26 bitrate=1664.4kbits/s speed=0.262x    frame=   35 fps=6.5 q=-0.0 size=     256kB time=00:00:01.43 bitrate=1466.5kbits/s speed=0.265x    frame=   39 fps=6.5 q=-0.0 size=     256kB time=00:00:01.59 bitrate=1319.0kbits/s speed=0.265x    frame=   43 fps=6.5 q=-0.0 size=     256kB time=00:00:01.76 bitrate=1191.6kbits/s speed=0.267x    frame=   47 fps=6.5 q=-0.0 size=     256kB time=00:00:01.93 bitrate=1086.6kbits/s speed=0.269x    frame=   51 fps=6.6 q=-0.0 size=     256kB time=00:00:02.09 bitrate=1003.4kbits/s speed=0.27x    frame=   55 fps=6.6 q=-0.0 size=     256kB time=00:00:02.26 bitrate= 927.9kbits/s speed=0.272x    frame=   59 fps=6.6 q=-0.0 size=     256kB time=00:00:02.43 bitrate= 863.0kbits/s speed=0.273x    frame=   61 fps=6.6 q=-0.0 Lsize=     517kB time=00:00:02.51 bitrate=1687.7kbits/s speed=0.27x    
video:517kB audio:0kB subtitle:0kB other streams:0kB global headers:0kB muxing overhead: 0.003777%
